
Showing logs for build [32mcb-kubecd-environment-pr-209-62-gsmbb-1[0m stage [32mfrom-build-pack[0m and container [32mstep-credential-initializer-wj9vt[0m
{"level":"info","ts":1587850466.0894635,"logger":"fallback-logger","caller":"logging/config.go:69","msg":"Fetch GitHub commit ID from kodata failed: open /var/run/ko/refs/heads/0.8.0-ns-support: no such file or directory"}
{"level":"info","ts":1587850466.090302,"logger":"fallback-logger","caller":"creds-init/main.go:40","msg":"Credentials initialized."}

Showing logs for build [32mcb-kubecd-environment-pr-209-62-gsmbb-1[0m stage [32mfrom-build-pack[0m and container [32mstep-working-dir-initializer-m8mr7[0m
{"level":"info","ts":1587850467.6036258,"logger":"fallback-logger","caller":"logging/config.go:69","msg":"Fetch GitHub commit ID from kodata failed: open /var/run/ko/HEAD: no such file or directory"}
{"level":"info","ts":1587850467.6049502,"logger":"fallback-logger","caller":"bash/main.go:64","msg":"Successfully executed command \"sh -c mkdir -p /workspace/source\"; output "}

Showing logs for build [32mcb-kubecd-environment-pr-209-62-gsmbb-1[0m stage [32mfrom-build-pack[0m and container [32mstep-place-tools[0m

Showing logs for build [32mcb-kubecd-environment-pr-209-62-gsmbb-1[0m stage [32mfrom-build-pack[0m and container [32mstep-git-source-cb-kubecd-environment-pr-209-62-gsmbb-s45sn[0m
{"level":"info","ts":1587850474.1181386,"logger":"fallback-logger","caller":"logging/config.go:69","msg":"Fetch GitHub commit ID from kodata failed: open /var/run/ko/refs/heads/0.8.0-ns-support: no such file or directory"}
{"level":"info","ts":1587850475.2073097,"logger":"fallback-logger","caller":"git/git.go:103","msg":"Successfully cloned https://github.com/cb-kubecd/environment-pr-209-62-boot-vault-gke-staging.git @ master in path /workspace/source"}

Showing logs for build [32mcb-kubecd-environment-pr-209-62-gsmbb-1[0m stage [32mfrom-build-pack[0m and container [32mstep-git-merge[0m
Using SHAs from PULL_REFS=master:8f4a0bf395dc4ea375735a7c9dd707a10dcc1624,4:86b95458b38e74bb3edf23d30e0cfc2207c6476e
DEBUG: LC_ALL=C JX_LOG_LEVEL=error git fetch origin --unshallow 86b95458b38e74bb3edf23d30e0cfc2207c6476e: 8f4a0bf395dc4ea375735a7c9dd707a10dcc1624:
DEBUG: ran git fetch --unshallow origin 86b95458b38e74bb3edf23d30e0cfc2207c6476e: 8f4a0bf395dc4ea375735a7c9dd707a10dcc1624: in 
DEBUG: LC_ALL=C JX_LOG_LEVEL=error git branch
DEBUG: LC_ALL=C JX_LOG_LEVEL=error git checkout master
DEBUG: ran git checkout master in 
DEBUG: LC_ALL=C JX_LOG_LEVEL=error git reset --hard 8f4a0bf395dc4ea375735a7c9dd707a10dcc1624
DEBUG: ran git reset --hard 8f4a0bf395dc4ea375735a7c9dd707a10dcc1624 in 
DEBUG: LC_ALL=C JX_LOG_LEVEL=error git clean -fd .
DEBUG: ran clean --force -d . in 
DEBUG: LC_ALL=C JX_LOG_LEVEL=error git merge 86b95458b38e74bb3edf23d30e0cfc2207c6476e
DEBUG: ran git merge 86b95458b38e74bb3edf23d30e0cfc2207c6476e in 
DEBUG: LC_ALL=C JX_LOG_LEVEL=error git log --format=%H%x1f%an%x1f%ae%x1f%cn%x1f%ce%x1f%s%n%b%x1e 8f4a0bf395dc4ea375735a7c9dd707a10dcc1624..HEAD
Merged SHA 86b95458b38e74bb3edf23d30e0cfc2207c6476e with commit message 'chore: Promote bdd-sbhg-1587848257 to version 0.0.1' into base branch master

Showing logs for build [32mcb-kubecd-environment-pr-209-62-gsmbb-1[0m stage [32mfrom-build-pack[0m and container [32mstep-build-helm-build[0m
WARNING: No $CHART_REPOSITORY defined so using the default value of: http://jenkins-x-chartmuseum:8080
Adding missing Helm repo: storage.googleapis.com https://storage.googleapis.com/chartmuseum.jenkins-x.io
WARNING: No secrets found on "helm/repos" due: reading the secret "helm/repos" from vault: no secret "helm/repos" not found in vault
Read credentials for https://storage.googleapis.com/chartmuseum.jenkins-x.io from vault helm/repos
Successfully added Helm repository storage.googleapis.com.
Adding missing Helm repo: jenkins-x-chartmuseum http://jenkins-x-chartmuseum:8080
WARNING: No secrets found on "helm/repos" due: reading the secret "helm/repos" from vault: no secret "helm/repos" not found in vault
Read credentials for http://jenkins-x-chartmuseum:8080 from vault helm/repos
Successfully added Helm repository jenkins-x-chartmuseum.
WARNING: No $CHART_REPOSITORY defined so using the default value of: http://jenkins-x-chartmuseum:8080
Adding missing Helm repo: chartmuseum.jenkins-x.io http://chartmuseum.jenkins-x.io
WARNING: No secrets found on "helm/repos" due: reading the secret "helm/repos" from vault: no secret "helm/repos" not found in vault
Read credentials for http://chartmuseum.jenkins-x.io from vault helm/repos
Successfully added Helm repository chartmuseum.jenkins-x.io.
