
Showing logs for build [32mcb-kubecd-environment-pr-209-62-2vzw2-1[0m stage [32mfrom-build-pack[0m and container [32mstep-credential-initializer-7j4jf[0m
{"level":"info","ts":1587848585.155573,"logger":"fallback-logger","caller":"logging/config.go:69","msg":"Fetch GitHub commit ID from kodata failed: open /var/run/ko/refs/heads/0.8.0-ns-support: no such file or directory"}
{"level":"info","ts":1587848585.156132,"logger":"fallback-logger","caller":"creds-init/main.go:40","msg":"Credentials initialized."}

Showing logs for build [32mcb-kubecd-environment-pr-209-62-2vzw2-1[0m stage [32mfrom-build-pack[0m and container [32mstep-working-dir-initializer-fmkff[0m
{"level":"info","ts":1587848586.005859,"logger":"fallback-logger","caller":"logging/config.go:69","msg":"Fetch GitHub commit ID from kodata failed: open /var/run/ko/HEAD: no such file or directory"}
{"level":"info","ts":1587848586.022648,"logger":"fallback-logger","caller":"bash/main.go:64","msg":"Successfully executed command \"sh -c mkdir -p /workspace/source\"; output "}

Showing logs for build [32mcb-kubecd-environment-pr-209-62-2vzw2-1[0m stage [32mfrom-build-pack[0m and container [32mstep-place-tools[0m

Showing logs for build [32mcb-kubecd-environment-pr-209-62-2vzw2-1[0m stage [32mfrom-build-pack[0m and container [32mstep-git-source-cb-kubecd-environment-pr-209-62-2vzw2-bdqjt[0m
{"level":"info","ts":1587848590.1744769,"logger":"fallback-logger","caller":"logging/config.go:69","msg":"Fetch GitHub commit ID from kodata failed: open /var/run/ko/refs/heads/0.8.0-ns-support: no such file or directory"}
{"level":"info","ts":1587848591.2065883,"logger":"fallback-logger","caller":"git/git.go:103","msg":"Successfully cloned https://github.com/cb-kubecd/environment-pr-209-62-boot-vault-gke-staging.git @ master in path /workspace/source"}

Showing logs for build [32mcb-kubecd-environment-pr-209-62-2vzw2-1[0m stage [32mfrom-build-pack[0m and container [32mstep-git-merge[0m
Using SHAs from PULL_REFS=master:3999c356b039b7fcd72c9eb62998b35cf4c81d6a,2:d819fc4e813d14858cbb458baed718ec5701517f
DEBUG: LC_ALL=C JX_LOG_LEVEL=error git fetch origin --unshallow d819fc4e813d14858cbb458baed718ec5701517f: 3999c356b039b7fcd72c9eb62998b35cf4c81d6a:
DEBUG: ran git fetch --unshallow origin d819fc4e813d14858cbb458baed718ec5701517f: 3999c356b039b7fcd72c9eb62998b35cf4c81d6a: in 
DEBUG: JX_LOG_LEVEL=error LC_ALL=C git branch
DEBUG: LC_ALL=C JX_LOG_LEVEL=error git checkout master
DEBUG: ran git checkout master in 
DEBUG: LC_ALL=C JX_LOG_LEVEL=error git reset --hard 3999c356b039b7fcd72c9eb62998b35cf4c81d6a
DEBUG: ran git reset --hard 3999c356b039b7fcd72c9eb62998b35cf4c81d6a in 
DEBUG: JX_LOG_LEVEL=error LC_ALL=C git clean -fd .
DEBUG: ran clean --force -d . in 
DEBUG: LC_ALL=C JX_LOG_LEVEL=error git merge d819fc4e813d14858cbb458baed718ec5701517f
DEBUG: ran git merge d819fc4e813d14858cbb458baed718ec5701517f in 
DEBUG: LC_ALL=C JX_LOG_LEVEL=error git log --format=%H%x1f%an%x1f%ae%x1f%cn%x1f%ce%x1f%s%n%b%x1e 3999c356b039b7fcd72c9eb62998b35cf4c81d6a..HEAD
Merged SHA d819fc4e813d14858cbb458baed718ec5701517f with commit message 'chore: Promote bdd-gh-1587848257 to version 0.0.1' into base branch master

Showing logs for build [32mcb-kubecd-environment-pr-209-62-2vzw2-1[0m stage [32mfrom-build-pack[0m and container [32mstep-build-helm-build[0m
WARNING: No $CHART_REPOSITORY defined so using the default value of: http://jenkins-x-chartmuseum:8080
Adding missing Helm repo: storage.googleapis.com https://storage.googleapis.com/chartmuseum.jenkins-x.io
WARNING: No secrets found on "helm/repos" due: reading the secret "helm/repos" from vault: no secret "helm/repos" not found in vault
Read credentials for https://storage.googleapis.com/chartmuseum.jenkins-x.io from vault helm/repos
Successfully added Helm repository storage.googleapis.com.
Adding missing Helm repo: jenkins-x-chartmuseum http://jenkins-x-chartmuseum:8080
WARNING: No secrets found on "helm/repos" due: reading the secret "helm/repos" from vault: no secret "helm/repos" not found in vault
Read credentials for http://jenkins-x-chartmuseum:8080 from vault helm/repos
Successfully added Helm repository jenkins-x-chartmuseum.
WARNING: No $CHART_REPOSITORY defined so using the default value of: http://jenkins-x-chartmuseum:8080
Adding missing Helm repo: chartmuseum.jenkins-x.io http://chartmuseum.jenkins-x.io
WARNING: No secrets found on "helm/repos" due: reading the secret "helm/repos" from vault: no secret "helm/repos" not found in vault
Read credentials for http://chartmuseum.jenkins-x.io from vault helm/repos
Successfully added Helm repository chartmuseum.jenkins-x.io.
